[2026-03-12T22:11:39.793Z] {"timestamp":1773353498446,"kind":"scroll","url":"https://5174-i9vo3e2othnezxywk9ltp-f0b0d50f.us1.manus.computer/","viewport":{"width":1280,"height":1100},"payload":{"scrollX":0,"scrollY":1100,"documentHeight":10169,"viewportHeight":1100}}
[2026-03-12T22:11:43.792Z] {"timestamp":1773353503480,"kind":"scroll","url":"https://5174-i9vo3e2othnezxywk9ltp-f0b0d50f.us1.manus.computer/","viewport":{"width":1280,"height":1100},"payload":{"scrollX":0,"scrollY":2200,"documentHeight":10169,"viewportHeight":1100}}
[2026-03-12T22:11:49.792Z] {"timestamp":1773353509296,"kind":"scroll","url":"https://5174-i9vo3e2othnezxywk9ltp-f0b0d50f.us1.manus.computer/","viewport":{"width":1280,"height":1100},"payload":{"scrollX":0,"scrollY":3300,"documentHeight":10169,"viewportHeight":1100}}
[2026-03-12T22:11:55.792Z] {"timestamp":1773353515707,"kind":"scroll","url":"https://5174-i9vo3e2othnezxywk9ltp-f0b0d50f.us1.manus.computer/","viewport":{"width":1280,"height":1100},"payload":{"scrollX":0,"scrollY":9069,"documentHeight":10169,"viewportHeight":1100}}
[2026-03-12T22:13:40.203Z] {"timestamp":1773353618453,"kind":"scroll","url":"https://5174-i9vo3e2othnezxywk9ltp-f0b0d50f.us1.manus.computer/","viewport":{"width":1710,"height":981},"payload":{"scrollX":0,"scrollY":1,"documentHeight":10050,"viewportHeight":981}}
[2026-03-12T22:13:40.203Z] {"timestamp":1773353619317,"kind":"scroll","url":"https://5174-i9vo3e2othnezxywk9ltp-f0b0d50f.us1.manus.computer/","viewport":{"width":1710,"height":981},"payload":{"scrollX":0,"scrollY":289,"documentHeight":10050,"viewportHeight":981}}
[2026-03-12T22:13:42.200Z] {"timestamp":1773353620733,"kind":"scroll","url":"https://5174-i9vo3e2othnezxywk9ltp-f0b0d50f.us1.manus.computer/","viewport":{"width":1710,"height":981},"payload":{"scrollX":0,"scrollY":1,"documentHeight":10050,"viewportHeight":981}}
[2026-03-12T22:13:42.200Z] {"timestamp":1773353621234,"kind":"scroll","url":"https://5174-i9vo3e2othnezxywk9ltp-f0b0d50f.us1.manus.computer/","viewport":{"width":1710,"height":981},"payload":{"scrollX":0,"scrollY":55,"documentHeight":10050,"viewportHeight":981}}
[2026-03-12T22:13:42.200Z] {"timestamp":1773353621750,"kind":"scroll","url":"https://5174-i9vo3e2othnezxywk9ltp-f0b0d50f.us1.manus.computer/","viewport":{"width":1710,"height":981},"payload":{"scrollX":0,"scrollY":665,"documentHeight":10050,"viewportHeight":981}}
[2026-03-12T22:13:44.201Z] {"timestamp":1773353622250,"kind":"scroll","url":"https://5174-i9vo3e2othnezxywk9ltp-f0b0d50f.us1.manus.computer/","viewport":{"width":1710,"height":981},"payload":{"scrollX":0,"scrollY":1575,"documentHeight":10050,"viewportHeight":981}}
[2026-03-12T22:13:44.201Z] {"timestamp":1773353622889,"kind":"scroll","url":"https://5174-i9vo3e2othnezxywk9ltp-f0b0d50f.us1.manus.computer/","viewport":{"width":1710,"height":981},"payload":{"scrollX":0,"scrollY":1949,"documentHeight":10050,"viewportHeight":981}}
[2026-03-12T22:13:44.201Z] {"timestamp":1773353623400,"kind":"scroll","url":"https://5174-i9vo3e2othnezxywk9ltp-f0b0d50f.us1.manus.computer/","viewport":{"width":1710,"height":981},"payload":{"scrollX":0,"scrollY":908,"documentHeight":10050,"viewportHeight":981}}
[2026-03-12T22:13:44.201Z] {"timestamp":1773353623900,"kind":"scroll","url":"https://5174-i9vo3e2othnezxywk9ltp-f0b0d50f.us1.manus.computer/","viewport":{"width":1710,"height":981},"payload":{"scrollX":0,"scrollY":1059,"documentHeight":10050,"viewportHeight":981}}
[2026-03-12T22:13:46.211Z] {"timestamp":1773353624402,"kind":"scroll","url":"https://5174-i9vo3e2othnezxywk9ltp-f0b0d50f.us1.manus.computer/","viewport":{"width":1710,"height":981},"payload":{"scrollX":0,"scrollY":1829,"documentHeight":10050,"viewportHeight":981}}
[2026-03-12T22:13:46.211Z] {"timestamp":1773353624917,"kind":"scroll","url":"https://5174-i9vo3e2othnezxywk9ltp-f0b0d50f.us1.manus.computer/","viewport":{"width":1710,"height":981},"payload":{"scrollX":0,"scrollY":3578,"documentHeight":10050,"viewportHeight":981}}
[2026-03-12T22:13:46.211Z] {"timestamp":1773353625617,"kind":"scroll","url":"https://5174-i9vo3e2othnezxywk9ltp-f0b0d50f.us1.manus.computer/","viewport":{"width":1710,"height":981},"payload":{"scrollX":0,"scrollY":3647,"documentHeight":10050,"viewportHeight":981}}
[2026-03-12T22:13:48.335Z] {"timestamp":1773353626300,"kind":"scroll","url":"https://5174-i9vo3e2othnezxywk9ltp-f0b0d50f.us1.manus.computer/","viewport":{"width":1710,"height":981},"payload":{"scrollX":0,"scrollY":2864,"documentHeight":10050,"viewportHeight":981}}
[2026-03-12T22:13:48.336Z] {"timestamp":1773353627016,"kind":"scroll","url":"https://5174-i9vo3e2othnezxywk9ltp-f0b0d50f.us1.manus.computer/","viewport":{"width":1710,"height":981},"payload":{"scrollX":0,"scrollY":4511,"documentHeight":10050,"viewportHeight":981}}
[2026-03-12T22:13:48.336Z] {"timestamp":1773353627533,"kind":"scroll","url":"https://5174-i9vo3e2othnezxywk9ltp-f0b0d50f.us1.manus.computer/","viewport":{"width":1710,"height":981},"payload":{"scrollX":0,"scrollY":5973,"documentHeight":10050,"viewportHeight":981}}
[2026-03-12T22:13:50.258Z] {"timestamp":1773353628390,"kind":"scroll","url":"https://5174-i9vo3e2othnezxywk9ltp-f0b0d50f.us1.manus.computer/","viewport":{"width":1710,"height":981},"payload":{"scrollX":0,"scrollY":4893,"documentHeight":10050,"viewportHeight":981}}
[2026-03-12T22:13:50.258Z] {"timestamp":1773353629250,"kind":"scroll","url":"https://5174-i9vo3e2othnezxywk9ltp-f0b0d50f.us1.manus.computer/","viewport":{"width":1710,"height":981},"payload":{"scrollX":0,"scrollY":4795,"documentHeight":10050,"viewportHeight":981}}
[2026-03-12T22:13:52.239Z] {"timestamp":1773353630013,"kind":"scroll","url":"https://5174-i9vo3e2othnezxywk9ltp-f0b0d50f.us1.manus.computer/","viewport":{"width":1710,"height":981},"payload":{"scrollX":0,"scrollY":5665,"documentHeight":10050,"viewportHeight":981}}
[2026-03-12T22:13:52.239Z] {"timestamp":1773353630889,"kind":"scroll","url":"https://5174-i9vo3e2othnezxywk9ltp-f0b0d50f.us1.manus.computer/","viewport":{"width":1710,"height":981},"payload":{"scrollX":0,"scrollY":6482,"documentHeight":10050,"viewportHeight":981}}
[2026-03-12T22:13:52.239Z] {"timestamp":1773353631400,"kind":"scroll","url":"https://5174-i9vo3e2othnezxywk9ltp-f0b0d50f.us1.manus.computer/","viewport":{"width":1710,"height":981},"payload":{"scrollX":0,"scrollY":7772,"documentHeight":10050,"viewportHeight":981}}
[2026-03-12T22:13:54.201Z] {"timestamp":1773353632289,"kind":"scroll","url":"https://5174-i9vo3e2othnezxywk9ltp-f0b0d50f.us1.manus.computer/","viewport":{"width":1710,"height":981},"payload":{"scrollX":0,"scrollY":9066,"documentHeight":10050,"viewportHeight":981}}
[2026-03-12T22:13:54.201Z] {"timestamp":1773353632800,"kind":"scroll","url":"https://5174-i9vo3e2othnezxywk9ltp-f0b0d50f.us1.manus.computer/","viewport":{"width":1710,"height":981},"payload":{"scrollX":0,"scrollY":5546.5,"documentHeight":10050,"viewportHeight":981}}
[2026-03-12T22:13:58.197Z] {"timestamp":1773353636600,"kind":"scroll","url":"https://5174-i9vo3e2othnezxywk9ltp-f0b0d50f.us1.manus.computer/","viewport":{"width":558,"height":1211},"payload":{"scrollX":0,"scrollY":4116.5,"documentHeight":14366,"viewportHeight":1211}}
[2026-03-12T22:16:58.236Z] {"timestamp":1773353816311,"kind":"scroll","url":"https://5174-i9vo3e2othnezxywk9ltp-f0b0d50f.us1.manus.computer/","viewport":{"width":1710,"height":981},"payload":{"scrollX":0,"scrollY":4577.5,"documentHeight":10050,"viewportHeight":981}}
[2026-03-12T22:16:58.236Z] {"timestamp":1773353816811,"kind":"scroll","url":"https://5174-i9vo3e2othnezxywk9ltp-f0b0d50f.us1.manus.computer/","viewport":{"width":1710,"height":981},"payload":{"scrollX":0,"scrollY":5832.5,"documentHeight":10050,"viewportHeight":981}}
[2026-03-12T22:16:58.236Z] {"timestamp":1773353817551,"kind":"scroll","url":"https://5174-i9vo3e2othnezxywk9ltp-f0b0d50f.us1.manus.computer/","viewport":{"width":1710,"height":981},"payload":{"scrollX":0,"scrollY":5870.5,"documentHeight":10050,"viewportHeight":981}}
[2026-03-12T22:17:00.209Z] {"timestamp":1773353818061,"kind":"scroll","url":"https://5174-i9vo3e2othnezxywk9ltp-f0b0d50f.us1.manus.computer/","viewport":{"width":1710,"height":981},"payload":{"scrollX":0,"scrollY":4514.5,"documentHeight":10050,"viewportHeight":981}}
[2026-03-12T22:17:00.209Z] {"timestamp":1773353818562,"kind":"scroll","url":"https://5174-i9vo3e2othnezxywk9ltp-f0b0d50f.us1.manus.computer/","viewport":{"width":1710,"height":981},"payload":{"scrollX":0,"scrollY":3547.5,"documentHeight":10050,"viewportHeight":981}}
[2026-03-12T22:17:00.209Z] {"timestamp":1773353819078,"kind":"scroll","url":"https://5174-i9vo3e2othnezxywk9ltp-f0b0d50f.us1.manus.computer/","viewport":{"width":1710,"height":981},"payload":{"scrollX":0,"scrollY":2176.5,"documentHeight":10050,"viewportHeight":981}}
[2026-03-12T22:17:00.209Z] {"timestamp":1773353819579,"kind":"scroll","url":"https://5174-i9vo3e2othnezxywk9ltp-f0b0d50f.us1.manus.computer/","viewport":{"width":1710,"height":981},"payload":{"scrollX":0,"scrollY":650.5,"documentHeight":10050,"viewportHeight":981}}
[2026-03-12T22:18:37.793Z] {"timestamp":1773353916277,"kind":"scroll","url":"https://5174-i9vo3e2othnezxywk9ltp-f0b0d50f.us1.manus.computer/","viewport":{"width":1280,"height":1100},"payload":{"scrollX":0,"scrollY":7618,"documentHeight":10983,"viewportHeight":1100}}
[2026-03-12T22:19:31.623Z] {"timestamp":1773353969717,"kind":"scroll","url":"https://5174-i9vo3e2othnezxywk9ltp-f0b0d50f.us1.manus.computer/","viewport":{"width":1280,"height":1100},"payload":{"scrollX":0,"scrollY":1100,"documentHeight":10983,"viewportHeight":1100}}
[2026-03-12T22:19:35.626Z] {"timestamp":1773353974775,"kind":"scroll","url":"https://5174-i9vo3e2othnezxywk9ltp-f0b0d50f.us1.manus.computer/","viewport":{"width":1280,"height":1100},"payload":{"scrollX":0,"scrollY":2200,"documentHeight":10983,"viewportHeight":1100}}
[2026-03-12T22:19:41.624Z] {"timestamp":1773353979840,"kind":"scroll","url":"https://5174-i9vo3e2othnezxywk9ltp-f0b0d50f.us1.manus.computer/","viewport":{"width":1280,"height":1100},"payload":{"scrollX":0,"scrollY":3300,"documentHeight":10983,"viewportHeight":1100}}
[2026-03-12T22:28:00.872Z] {"timestamp":1773354480553,"kind":"focusin","url":"https://5174-i9vo3e2othnezxywk9ltp-f0b0d50f.us1.manus.computer/","viewport":{"width":1710,"height":981},"payload":{"target":{"tag":"a","id":null,"name":null,"type":null,"role":null,"ariaLabel":null,"testId":null,"dataLoc":"client/src/components/Navbar.tsx:128","href":"/peptides","text":"Discover Peptides","selectorHint":"[data-loc=\"client/src/components/Navbar.tsx:128\"]"}}}
[2026-03-12T22:28:00.872Z] {"timestamp":1773354480650,"kind":"click","url":"https://5174-i9vo3e2othnezxywk9ltp-f0b0d50f.us1.manus.computer/","viewport":{"width":1710,"height":981},"payload":{"target":{"tag":"a","id":null,"name":null,"type":null,"role":null,"ariaLabel":null,"testId":null,"dataLoc":"client/src/components/Navbar.tsx:128","href":"/peptides","text":"Discover Peptides","selectorHint":"[data-loc=\"client/src/components/Navbar.tsx:128\"]"},"x":1040,"y":46}}
[2026-03-12T22:28:03.504Z] {"timestamp":1773354482070,"kind":"scroll","url":"https://5174-i9vo3e2othnezxywk9ltp-f0b0d50f.us1.manus.computer/peptides","viewport":{"width":1710,"height":981},"payload":{"scrollX":0,"scrollY":1,"documentHeight":4978,"viewportHeight":981}}
[2026-03-12T22:28:03.504Z] {"timestamp":1773354482602,"kind":"scroll","url":"https://5174-i9vo3e2othnezxywk9ltp-f0b0d50f.us1.manus.computer/peptides","viewport":{"width":1710,"height":981},"payload":{"scrollX":0,"scrollY":30,"documentHeight":4978,"viewportHeight":981}}
[2026-03-12T22:28:03.504Z] {"timestamp":1773354483104,"kind":"scroll","url":"https://5174-i9vo3e2othnezxywk9ltp-f0b0d50f.us1.manus.computer/peptides","viewport":{"width":1710,"height":981},"payload":{"scrollX":0,"scrollY":118,"documentHeight":4978,"viewportHeight":981}}
[2026-03-12T22:28:05.506Z] {"timestamp":1773354483802,"kind":"scroll","url":"https://5174-i9vo3e2othnezxywk9ltp-f0b0d50f.us1.manus.computer/peptides","viewport":{"width":1710,"height":981},"payload":{"scrollX":0,"scrollY":945,"documentHeight":4978,"viewportHeight":981}}
[2026-03-12T22:28:05.507Z] {"timestamp":1773354484586,"kind":"scroll","url":"https://5174-i9vo3e2othnezxywk9ltp-f0b0d50f.us1.manus.computer/peptides","viewport":{"width":1710,"height":981},"payload":{"scrollX":0,"scrollY":1518,"documentHeight":4978,"viewportHeight":981}}
[2026-03-12T22:28:05.507Z] {"timestamp":1773354485087,"kind":"scroll","url":"https://5174-i9vo3e2othnezxywk9ltp-f0b0d50f.us1.manus.computer/peptides","viewport":{"width":1710,"height":981},"payload":{"scrollX":0,"scrollY":3591,"documentHeight":4978,"viewportHeight":981}}
[2026-03-12T22:28:07.511Z] {"timestamp":1773354485604,"kind":"scroll","url":"https://5174-i9vo3e2othnezxywk9ltp-f0b0d50f.us1.manus.computer/peptides","viewport":{"width":1710,"height":981},"payload":{"scrollX":0,"scrollY":3777,"documentHeight":4978,"viewportHeight":981}}
[2026-03-12T22:28:07.512Z] {"timestamp":1773354486475,"kind":"scroll","url":"https://5174-i9vo3e2othnezxywk9ltp-f0b0d50f.us1.manus.computer/peptides","viewport":{"width":1710,"height":981},"payload":{"scrollX":0,"scrollY":3994.5,"documentHeight":4978,"viewportHeight":981}}
[2026-03-12T22:28:07.512Z] {"timestamp":1773354486986,"kind":"scroll","url":"https://5174-i9vo3e2othnezxywk9ltp-f0b0d50f.us1.manus.computer/peptides","viewport":{"width":1710,"height":981},"payload":{"scrollX":0,"scrollY":1721,"documentHeight":4978,"viewportHeight":981}}
[2026-03-12T22:28:08.639Z] {"timestamp":1773354488316,"kind":"focusin","url":"https://5174-i9vo3e2othnezxywk9ltp-f0b0d50f.us1.manus.computer/peptides","viewport":{"width":1710,"height":981},"payload":{"target":{"tag":"a","id":null,"name":null,"type":null,"role":null,"ariaLabel":null,"testId":null,"dataLoc":"client/src/components/Navbar.tsx:109","href":"/#problem","text":"The Problem","selectorHint":"[data-loc=\"client/src/components/Navbar.tsx:109\"]"}}}
[2026-03-12T22:28:08.639Z] {"timestamp":1773354488410,"kind":"click","url":"https://5174-i9vo3e2othnezxywk9ltp-f0b0d50f.us1.manus.computer/peptides","viewport":{"width":1710,"height":981},"payload":{"target":{"tag":"a","id":null,"name":null,"type":null,"role":null,"ariaLabel":null,"testId":null,"dataLoc":"client/src/components/Navbar.tsx:109","href":"/#problem","text":"The Problem","selectorHint":"[data-loc=\"client/src/components/Navbar.tsx:109\"]"},"x":576,"y":41}}
[2026-03-12T22:28:11.141Z] {"timestamp":1773354490086,"kind":"scroll","url":"https://5174-i9vo3e2othnezxywk9ltp-f0b0d50f.us1.manus.computer/#problem","viewport":{"width":1710,"height":981},"payload":{"scrollX":0,"scrollY":6,"documentHeight":10865,"viewportHeight":981}}
[2026-03-12T22:28:11.141Z] {"timestamp":1773354490586,"kind":"scroll","url":"https://5174-i9vo3e2othnezxywk9ltp-f0b0d50f.us1.manus.computer/#problem","viewport":{"width":1710,"height":981},"payload":{"scrollX":0,"scrollY":527,"documentHeight":10865,"viewportHeight":981}}
[2026-03-12T22:28:13.137Z] {"timestamp":1773354491086,"kind":"scroll","url":"https://5174-i9vo3e2othnezxywk9ltp-f0b0d50f.us1.manus.computer/#problem","viewport":{"width":1710,"height":981},"payload":{"scrollX":0,"scrollY":1125,"documentHeight":10865,"viewportHeight":981}}
[2026-03-12T22:28:13.137Z] {"timestamp":1773354491586,"kind":"scroll","url":"https://5174-i9vo3e2othnezxywk9ltp-f0b0d50f.us1.manus.computer/#problem","viewport":{"width":1710,"height":981},"payload":{"scrollX":0,"scrollY":1237,"documentHeight":10865,"viewportHeight":981}}
[2026-03-12T22:28:13.137Z] {"timestamp":1773354492087,"kind":"scroll","url":"https://5174-i9vo3e2othnezxywk9ltp-f0b0d50f.us1.manus.computer/#problem","viewport":{"width":1710,"height":981},"payload":{"scrollX":0,"scrollY":1941,"documentHeight":10865,"viewportHeight":981}}
[2026-03-12T22:28:13.137Z] {"timestamp":1773354492603,"kind":"scroll","url":"https://5174-i9vo3e2othnezxywk9ltp-f0b0d50f.us1.manus.computer/#problem","viewport":{"width":1710,"height":981},"payload":{"scrollX":0,"scrollY":2615,"documentHeight":10865,"viewportHeight":981}}
[2026-03-12T22:28:15.137Z] {"timestamp":1773354493103,"kind":"scroll","url":"https://5174-i9vo3e2othnezxywk9ltp-f0b0d50f.us1.manus.computer/#problem","viewport":{"width":1710,"height":981},"payload":{"scrollX":0,"scrollY":3087,"documentHeight":10865,"viewportHeight":981}}
[2026-03-12T22:28:15.138Z] {"timestamp":1773354494333,"kind":"scroll","url":"https://5174-i9vo3e2othnezxywk9ltp-f0b0d50f.us1.manus.computer/#problem","viewport":{"width":1710,"height":981},"payload":{"scrollX":0,"scrollY":3118,"documentHeight":10865,"viewportHeight":981}}
[2026-03-12T22:28:15.138Z] {"timestamp":1773354494836,"kind":"scroll","url":"https://5174-i9vo3e2othnezxywk9ltp-f0b0d50f.us1.manus.computer/#problem","viewport":{"width":1710,"height":981},"payload":{"scrollX":0,"scrollY":3268,"documentHeight":10865,"viewportHeight":981}}
[2026-03-12T22:28:16.765Z] {"timestamp":1773354496398,"kind":"focusin","url":"https://5174-i9vo3e2othnezxywk9ltp-f0b0d50f.us1.manus.computer/#problem","viewport":{"width":1710,"height":981},"payload":{"target":{"tag":"a","id":null,"name":null,"type":null,"role":null,"ariaLabel":null,"testId":null,"dataLoc":"client/src/pages/BPC157Rx.tsx:550","href":"/peptides","text":"Discover More Peptides","selectorHint":"[data-loc=\"client/src/pages/BPC157Rx.tsx:550\"]"}}}
[2026-03-12T22:28:16.765Z] {"timestamp":1773354496516,"kind":"click","url":"https://5174-i9vo3e2othnezxywk9ltp-f0b0d50f.us1.manus.computer/#problem","viewport":{"width":1710,"height":981},"payload":{"target":{"tag":"a","id":null,"name":null,"type":null,"role":null,"ariaLabel":null,"testId":null,"dataLoc":"client/src/pages/BPC157Rx.tsx:550","href":"/peptides","text":"Discover More Peptides","selectorHint":"[data-loc=\"client/src/pages/BPC157Rx.tsx:550\"]"},"x":852,"y":699}}
[2026-03-12T22:28:19.079Z] {"timestamp":1773354497653,"kind":"scroll","url":"https://5174-i9vo3e2othnezxywk9ltp-f0b0d50f.us1.manus.computer/peptides","viewport":{"width":1710,"height":981},"payload":{"scrollX":0,"scrollY":6,"documentHeight":4978,"viewportHeight":981}}
